{"content": {"suites": {"0": {"status": {"total_pass": 4, "total_skip": 0, "total_xpass": 0, "total_xfail": 0, "total_rerun": 0, "total_fail": 0, "total_error": 0}, "tests": {"0": {"status": "PASS", "message": "", "test_name": "test_emptyonlyonefield", "rerun": "0"}, "1": {"status": "PASS", "message": "", "test_name": "test_backtosigninpage", "rerun": "0"}, "2": {"status": "PASS", "message": "", "test_name": "test_loginsuccessfully", "rerun": "0"}, "3": {"status": "PASS", "message": "", "test_name": "test_SQLInjection", "rerun": "0"}}, "suite_name": "Login.py"}, "1": {"suite_name": "SignUp.py", "tests": {"0": {"status": "PASS", "message": "", "test_name": "test_not10characternumber", "rerun": "0"}, "1": {"status": "PASS", "message": "", "test_name": "test_backtologinpage", "rerun": "0"}, "2": {"status": "PASS", "message": "", "test_name": "test_wrongEmailId", "rerun": "0"}, "3": {"status": "PASS", "message": "", "test_name": "test_sameusername", "rerun": "0"}, "4": {"status": "PASS", "message": "", "test_name": "test_passwordsAreNotSame", "rerun": "0"}, "5": {"status": "PASS", "message": "", "test_name": "test_emptyonlyonefield", "rerun": "0"}, "6": {"status": "PASS", "message": "", "test_name": "test_emptyalltheinputs", "rerun": "0"}, "7": {"status": "PASS", "message": "", "test_name": "test_signinsuccessfully", "rerun": "0"}}, "status": {"total_pass": 8, "total_skip": 0, "total_xpass": 0, "total_xfail": 0, "total_rerun": 0, "total_fail": 0, "total_error": 0}}, "2": {"suite_name": "search.py", "tests": {"0": {"status": "FAIL", "message": "   selenium.common.exceptions.NoSuchElementException: Message: no such element: Unable to locate element: {\"method\":\"css selector\",\"selector\":\".card:nth-child(1) .btn\"}\n     (Session info: chrome=91.0.4472.106)\n", "test_name": "test_search", "rerun": "0"}}, "status": {"total_pass": 0, "total_skip": 0, "total_xpass": 0, "total_xfail": 0, "total_rerun": 0, "total_fail": 1, "total_error": 0}}, "3": {"suite_name": "myorders.py", "tests": {"0": {"status": "FAIL", "message": "   selenium.common.exceptions.NoSuchElementException: Message: no such element: Unable to locate element: {\"method\":\"link text\",\"selector\":\"PIZZA GO!\"}\n     (Session info: chrome=91.0.4472.106)\n", "test_name": "test_myorders", "rerun": "0"}}, "status": {"total_pass": 0, "total_skip": 0, "total_xpass": 0, "total_xfail": 0, "total_rerun": 0, "total_fail": 1, "total_error": 0}}, "4": {"suite_name": "orderingwithlogin.py", "tests": {"0": {"status": "FAIL", "message": "   selenium.common.exceptions.ElementClickInterceptedException: Message: element click intercepted: Element is not clickable at point (428, 1544)\n     (Session info: chrome=91.0.4472.106)\n", "test_name": "test_orderingwithlogin", "rerun": "0"}}, "status": {"total_pass": 0, "total_skip": 0, "total_xpass": 0, "total_xfail": 0, "total_rerun": 0, "total_fail": 1, "total_error": 0}}}}, "date": "June 19, 2021", "start_time": 1624042677.4904304, "total_suite": 5, "status": "FAIL", "status_list": {"pass": "12", "fail": "3", "skip": "0", "error": "0", "xpass": "0", "xfail": "0", "rerun": "0"}, "total_tests": "15"}